<?xml version="1.0" encoding="UTF-8"?>
<!-- Generated by org.testng.reporters.JUnitReportReporter -->
<testsuite hostname="DESKTOP-3B6NN0N" failures="0" tests="3" name="java4.TestDelete" time="13.298" errors="0" timestamp="26 Apr 2021 08:30:46 GMT" skipped="0">
  <testcase classname="java4.TestDelete" name="TestDelete1" time="4.378"/>
  <testcase classname="java4.TestDelete" name="TestDelete2" time="4.446"/>
  <testcase classname="java4.TestDelete" name="TestDelete3" time="4.474"/>
</testsuite> <!-- java4.TestDelete -->
