<?xml version="1.0" encoding="UTF-8"?>
<!-- Generated by org.testng.reporters.JUnitReportReporter -->
<testsuite hostname="DESKTOP-3B6NN0N" failures="0" tests="7" name="java4.TestCreateUser" time="21.864" errors="0" timestamp="26 Apr 2021 08:42:33 GMT" skipped="0">
  <testcase classname="java4.TestCreateUser" name="TestCreate_True" time="4.559"/>
  <testcase classname="java4.TestCreateUser" name="TestCreate2" time="2.682"/>
  <testcase classname="java4.TestCreateUser" name="TestCreate3" time="2.352"/>
  <testcase classname="java4.TestCreateUser" name="TestCreate4" time="2.781"/>
  <testcase classname="java4.TestCreateUser" name="TestCreate5" time="3.084"/>
  <testcase classname="java4.TestCreateUser" name="TestCreate6" time="3.209"/>
  <testcase classname="java4.TestCreateUser" name="TestCreate7" time="3.197"/>
</testsuite> <!-- java4.TestCreateUser -->
