<?xml version="1.0" encoding="UTF-8"?>
<!-- Generated by org.testng.reporters.JUnitReportReporter -->
<testsuite hostname="DESKTOP-3B6NN0N" failures="0" tests="10" name="java4.TestLogin" time="19.867" errors="0" timestamp="26 Apr 2021 07:18:49 GMT" skipped="0">
  <testcase classname="java4.TestLogin" name="TestLogin_true" time="3.629"/>
  <testcase classname="java4.TestLogin" name="TestLogin_false" time="1.697"/>
  <testcase classname="java4.TestLogin" name="TestLogin_null" time="1.906"/>
  <testcase classname="java4.TestLogin" name="TestLogin1" time="1.676"/>
  <testcase classname="java4.TestLogin" name="TestLogin2" time="2.181"/>
  <testcase classname="java4.TestLogin" name="TestLogin3" time="1.806"/>
  <testcase classname="java4.TestLogin" name="TestLogin4" time="1.681"/>
  <testcase classname="java4.TestLogin" name="TestLogin5" time="1.799"/>
  <testcase classname="java4.TestLogin" name="TestLogin6" time="1.830"/>
  <testcase classname="java4.TestLogin" name="TestLogin7" time="1.662"/>
</testsuite> <!-- java4.TestLogin -->
